2021-05-28 14:32:48 - ERROR - TemplateSyntaxError in /home/jamal/blog_app/resources/templates/post.html on line 7
2021-05-28 15:26:51 - ERROR - SyntaxError in 0 on line 0
2021-05-28 15:28:53 - ERROR - SyntaxError in 0 on line 0
2021-05-28 15:30:15 - ERROR - SyntaxError in 0 on line 0
2021-05-28 15:30:54 - ERROR - SyntaxError in 0 on line 0
2021-05-28 15:31:34 - ERROR - SyntaxError in 0 on line 0
2021-05-28 15:34:19 - ERROR - AttributeError in /home/jamal/blog_app/app/http/controllers/Post.py on line 32
2021-05-31 19:00:47 - ERROR - ContainerError in 0 on line 0
2021-05-31 19:06:54 - ERROR - AttributeError in /home/jamal/blog_app/app/http/controllers/Post.py on line 23
2021-05-31 19:11:28 - ERROR - AttributeError in /home/jamal/blog_app/app/http/controllers/Post.py on line 23
2021-05-31 19:15:24 - ERROR - AttributeError in /home/jamal/blog_app/app/http/controllers/Post.py on line 23
2021-05-31 19:18:04 - ERROR - AttributeError in /home/jamal/blog_app/app/http/controllers/Post.py on line 23
2021-05-31 19:18:23 - ERROR - AttributeError in /home/jamal/blog_app/app/http/controllers/Post.py on line 23
2021-05-31 19:20:03 - ERROR - AttributeError in /home/jamal/blog_app/app/http/controllers/Post.py on line 23
2021-05-31 19:24:03 - ERROR - AttributeError in /home/jamal/blog_app/app/http/controllers/Post.py on line 23
2021-05-31 19:26:18 - ERROR - AttributeError in /home/jamal/blog_app/app/http/controllers/Post.py on line 23
2021-05-31 19:26:48 - ERROR - AttributeError in 0 on line 0
2021-05-31 19:31:05 - ERROR - AttributeError in /home/jamal/blog_app/app/http/controllers/Post.py on line 23
2021-05-31 19:33:16 - ERROR - AttributeError in /home/jamal/blog_app/app/http/controllers/Post.py on line 23
2021-05-31 19:40:03 - ERROR - AttributeError in /home/jamal/blog_app/app/http/controllers/Post.py on line 23
2021-05-31 19:41:37 - ERROR - AttributeError in /home/jamal/blog_app/app/http/controllers/Post.py on line 23
2021-05-31 19:43:42 - ERROR - AttributeError in /home/jamal/blog_app/app/http/controllers/Post.py on line 23
2021-05-31 19:45:47 - ERROR - AttributeError in /home/jamal/blog_app/app/http/controllers/Post.py on line 23
2021-05-31 19:48:14 - ERROR - SyntaxError in 0 on line 0
2021-05-31 19:52:23 - ERROR - NameError in /home/jamal/blog_app/app/http/controllers/PostController.py on line 23
2021-05-31 19:53:12 - ERROR - QueryException in 0 on line 0
2021-05-31 19:55:44 - ERROR - QueryException in 0 on line 0
2021-05-31 20:33:56 - ERROR - SyntaxError in 0 on line 0
2021-05-31 20:34:20 - ERROR - SyntaxError in 0 on line 0
2021-05-31 20:34:56 - ERROR - SyntaxError in 0 on line 0
2021-05-31 20:37:35 - ERROR - TemplateSyntaxError in /home/jamal/blog_app/resources/templates/posts.html on line 11
2021-06-01 10:32:57 - ERROR - SyntaxError in 0 on line 0
2021-06-01 10:33:44 - ERROR - SyntaxError in 0 on line 0
2021-06-01 10:34:49 - ERROR - SyntaxError in 0 on line 0
2021-06-01 15:38:33 - ERROR - TemplateSyntaxError in /home/jamal/blog_app/resources/templates/article.html on line 6
2021-06-01 15:40:05 - ERROR - TemplateSyntaxError in /home/jamal/blog_app/resources/templates/article.html on line 7
2021-06-01 15:41:58 - ERROR - TemplateSyntaxError in /home/jamal/blog_app/resources/templates/article.html on line 6
2021-06-03 11:27:54 - ERROR - AttributeError in /home/jamal/blog_app/app/http/controllers/BlogController.py on line 37
2021-06-03 11:29:37 - ERROR - AttributeError in /home/jamal/blog_app/app/http/controllers/BlogController.py on line 37
2021-06-03 11:30:11 - ERROR - UndefinedError in 0 on line 0
2021-06-03 11:31:52 - ERROR - ContainerError in 0 on line 0
2021-06-03 11:32:16 - ERROR - ContainerError in 0 on line 0
2021-06-03 11:34:06 - ERROR - ContainerError in 0 on line 0
